<?xml version="1.0" encoding="utf-8"?><testsuites name="pytest tests"><testsuite name="pytest" errors="0" failures="0" skipped="0" tests="7" time="0.741" timestamp="2026-01-17T18:50:11.946306+05:30" hostname="MacBook-Pro-3.local"><testcase classname="tests.test_basic" name="test_packet_constants" time="0.000" /><testcase classname="tests.test_basic" name="test_packet_serialization" time="0.000" /><testcase classname="tests.test_basic" name="test_databridge_open_send" time="0.508" /><testcase classname="tests.test_basic" name="test_databridge_receive" time="0.103" /><testcase classname="tests.test_protocol_edge" name="test_deserialize_multiple_frames_returns_remaining" time="0.001" /><testcase classname="tests.test_protocol_edge" name="test_deserialize_without_delimiter_is_incomplete" time="0.000" /><testcase classname="tests.test_retry" name="test_databridge_retries_until_ack" time="0.108" /></testsuite></testsuites>